[INFO] [INFO] Some information

[INFO] [ERROR] A bit of an issue

[INFO] [INFO] The best information

[INFO] [ERROR] A catastrophic error!

[INFO] [INFO] Some information

[INFO] [ERROR] A bit of an issue

[INFO] [ERROR] A catastrophic error!

[INFO] [INFO] The best information

[INFO] [INFO] Some information

[INFO] [ERROR] A bit of an issue

[INFO] [ERROR] A catastrophic error!

[INFO] [INFO] The best information

[INFO] [INFO] Some information

[INFO] [ERROR] A bit of an issue

[INFO] [INFO] The best information

[INFO] [ERROR] A catastrophic error!

[INFO] [INFO] Some information

[INFO] [ERROR] A bit of an issue

[INFO] [ERROR] A catastrophic error!

[INFO] [INFO] The best information

[INFO] [INFO] Some information

[INFO] [INFO] The best information

[INFO] [ERROR] A bit of an issue

[INFO] [ERROR] A catastrophic error

